provider=glm model=glm-5.1  ARENA family=tanh pool N=6

[propose] firing 6 GLM proposals in parallel…
/opt/anaconda3/lib/python3.12/site-packages/urllib3/connectionpool.py:1099: InsecureRequestWarning: Unverified HTTPS request is being made to host 'open.bigmodel.cn'. Adding certificate verification is strongly advised. See: https://urllib3.readthedocs.io/en/latest/advanced-usage.html#tls-warnings
  warnings.warn(
/opt/anaconda3/lib/python3.12/site-packages/urllib3/connectionpool.py:1099: InsecureRequestWarning: Unverified HTTPS request is being made to host 'open.bigmodel.cn'. Adding certificate verification is strongly advised. See: https://urllib3.readthedocs.io/en/latest/advanced-usage.html#tls-warnings
  warnings.warn(
/opt/anaconda3/lib/python3.12/site-packages/urllib3/connectionpool.py:1099: InsecureRequestWarning: Unverified HTTPS request is being made to host 'open.bigmodel.cn'. Adding certificate verification is strongly advised. See: https://urllib3.readthedocs.io/en/latest/advanced-usage.html#tls-warnings
  warnings.warn(
/opt/anaconda3/lib/python3.12/site-packages/urllib3/connectionpool.py:1099: InsecureRequestWarning: Unverified HTTPS request is being made to host 'open.bigmodel.cn'. Adding certificate verification is strongly advised. See: https://urllib3.readthedocs.io/en/latest/advanced-usage.html#tls-warnings
  warnings.warn(
/opt/anaconda3/lib/python3.12/site-packages/urllib3/connectionpool.py:1099: InsecureRequestWarning: Unverified HTTPS request is being made to host 'open.bigmodel.cn'. Adding certificate verification is strongly advised. See: https://urllib3.readthedocs.io/en/latest/advanced-usage.html#tls-warnings
  warnings.warn(
/opt/anaconda3/lib/python3.12/site-packages/urllib3/connectionpool.py:1099: InsecureRequestWarning: Unverified HTTPS request is being made to host 'open.bigmodel.cn'. Adding certificate verification is strongly advised. See: https://urllib3.readthedocs.io/en/latest/advanced-usage.html#tls-warnings
  warnings.warn(
  [Tokens] propose-tanh-5 (high): in=164 out=98
  [Tokens] propose-tanh-2 (high): in=165 out=91
  [Tokens] propose-tanh-1 (high): in=164 out=100
  [Tokens] propose-tanh-0 (high): in=163 out=110
  [Tokens] propose-tanh-3 (high): in=164 out=90
  [Tokens] propose-tanh-4 (high): in=163 out=78
  got 6 non-empty proposals

  cand  0 h=?                                            A=· B=· C=·  adv:—
<lambdifygenerated-3>:2: RuntimeWarning: overflow encountered in cosh
  return log(cosh(x**2 + y**2 - 1))
/opt/anaconda3/lib/python3.12/site-packages/numpy/lib/_function_base_impl.py:1529: RuntimeWarning: invalid value encountered in subtract
  a = op(a[slice1], a[slice2])
  cand  1 h=log(cosh(x*x + y*y - 1))                     A=✓ B=· C=·  adv:—
/opt/anaconda3/lib/python3.12/site-packages/urllib3/connectionpool.py:1099: InsecureRequestWarning: Unverified HTTPS request is being made to host 'open.bigmodel.cn'. Adding certificate verification is strongly advised. See: https://urllib3.readthedocs.io/en/latest/advanced-usage.html#tls-warnings
  warnings.warn(
  [Tokens] adversary (high): in=188 out=128
  cand  2 h=log(cosh(x)) + 0.5 * y**2                    A=✓ B=✓ C=✓  adv:survived (6pts)
/opt/anaconda3/lib/python3.12/site-packages/urllib3/connectionpool.py:1099: InsecureRequestWarning: Unverified HTTPS request is being made to host 'open.bigmodel.cn'. Adding certificate verification is strongly advised. See: https://urllib3.readthedocs.io/en/latest/advanced-usage.html#tls-warnings
  warnings.warn(
  [Tokens] adversary (high): in=188 out=117
  cand  3 h=log(cosh(x)) + 0.5 * y * y                   A=✓ B=✓ C=✓  adv:survived (6pts)
/opt/anaconda3/lib/python3.12/site-packages/urllib3/connectionpool.py:1099: InsecureRequestWarning: Unverified HTTPS request is being made to host 'open.bigmodel.cn'. Adding certificate verification is strongly advised. See: https://urllib3.readthedocs.io/en/latest/advanced-usage.html#tls-warnings
  warnings.warn(
  [Tokens] adversary (high): in=184 out=126
  cand  4 h=log(cosh(x)) + log(cosh(y))                  A=✓ B=✓ C=✓  adv:survived (6pts)
  cand  5 h=log(cosh(x)) + y**2 / 2                      A=✓ B=· C=·  adv:—

[audit] dense held-out violation-rate per kept set (lower = more accurate)…
  A_naive      : kept= 5  mean_viol_rate=0.2664  clean(≤1%)=3
  B_strict     : kept= 3  mean_viol_rate=0.0  clean(≤1%)=3
  C_strict_adv : kept= 3  mean_viol_rate=0.0  clean(≤1%)=3

############################################################
ARENA VERDICT (family=tanh)
############################################################
  pool 6 → A_naive 5 | B_strict 3 | C_strict_adv 3
  mean held-out violation rate: A=0.2664 B=0.0 C=0.0
  → saved /Users/zhipeng/Desktop/paper4/6.11new/arena_datasets.json  (out_tokens=938)
