{"time": "17:09:06", "event": "mine_start", "message": "convex.strong_convex_grad_ineq: ∀ (f : ℝ → ℝ) (μ x y : ℝ), (0 < μ) → (∀ z, (∇ f) z = f' z) →", "tokens": 13785}
{"time": "17:09:40", "event": "recipe_verified", "message": "convex.strong_convex_grad_ineq", "tokens": 14228}
{"time": "17:42:02", "event": "mine_start", "message": "poly.grad_strong_convex_bound: ∀ (x y μ : ℝ), 0 < μ → (x - y) * (f' x - f' y) ≥ μ * (x - y)", "tokens": 4958}
{"time": "17:44:00", "event": "recipe_verified", "message": "poly.grad_strong_convex_bound", "tokens": 9284}
{"time": "17:44:06", "event": "mine_start", "message": "piecewise.lemma_boundary_case_independence: ∀ (k : ℝ), (0 = -k * (2 * 0 - 0 - 0))", "tokens": 9355}
{"time": "17:44:23", "event": "recipe_verified", "message": "piecewise.lemma_boundary_case_independence", "tokens": 9564}
{"time": "17:44:30", "event": "mine_start", "message": "log.log_ge_x_minus_1: ∀ (x : ℝ), 0 < x → 1 + Real.log x ≥ x", "tokens": 9640}
{"time": "17:49:07", "event": "recipe_verified", "message": "log.log_ge_x_minus_1", "tokens": 26282}
{"time": "17:49:12", "event": "mine_start", "message": "trig.eq_zero_of_ge_zero_sin: ∀ (v θ : ℝ), 0 ≤ v → (v = 0 → v * sin θ = 0)", "tokens": 26361}
{"time": "17:49:29", "event": "recipe_verified", "message": "trig.eq_zero_of_ge_zero_sin", "tokens": 26587}
{"time": "17:49:38", "event": "mine_start", "message": "convex.doubly_stochastic_max_min_diff_b: ∀ (W : Matrix (Fin n) (Fin n) ℝ) (x : Fin n → ℝ), (∀ i, 0 ≤ ", "tokens": 26777}
{"time": "18:10:53", "event": "recipe_verified", "message": "convex.doubly_stochastic_max_min_diff_b", "tokens": 155716}
{"time": "18:10:58", "event": "mine_start", "message": "rational.half_mul_nonneg: ∀ (a : ℝ), 0 ≤ 1 / 2 * a", "tokens": 155786}
{"time": "18:14:48", "event": "recipe_verified", "message": "rational.half_mul_nonneg", "tokens": 164407}
{"time": "18:14:54", "event": "mine_start", "message": "convex.prox_residual_bound: ∀ (z u x x' t : ℝ), x' = prox f (z - u) → (x' - z) • (z - u ", "tokens": 164536}
{"time": "22:44:08", "event": "mine_start", "message": "poly.grad_bound_strong_convexity: ∀ (x y t : ℝ), (x - y) * (x - y) ≤ t * (x - y) * (f' x - f' ", "tokens": 4056}
{"time": "22:48:22", "event": "recipe_verified", "message": "poly.grad_bound_strong_convexity", "tokens": 13061}
{"time": "22:48:27", "event": "mine_start", "message": "poly.sum_squares_nonneg: ∀ (a b : ℝ), 0.5 * a ^ 2 + 0.5 * b ^ 2 ≥ 0", "tokens": 13137}
{"time": "22:48:46", "event": "recipe_verified", "message": "poly.sum_squares_nonneg", "tokens": 13347}
{"time": "22:48:52", "event": "mine_start", "message": "poly.ne_zero_lt_abs: ∀ (x : ℝ), x ≠ 0 → 0 < |x|", "tokens": 13408}
{"time": "22:49:12", "event": "recipe_verified", "message": "poly.ne_zero_lt_abs", "tokens": 13639}
{"time": "22:49:17", "event": "mine_start", "message": "trig.sin_bound_linear: ∀ x y : ℝ, |x - y| ≤ |sin x - sin y|", "tokens": 13706}
{"time": "23:05:18", "event": "recipe_verified", "message": "trig.sin_bound_linear", "tokens": 81555}
{"time": "23:05:24", "event": "mine_start", "message": "log.log_inequality_boundary: ∀ (x y a : ℝ), 0 < a → 0 < x → 0 < y → x ≤ a → x - y - x * R", "tokens": 81662}
{"time": "23:22:19", "event": "recipe_verified", "message": "log.log_inequality_boundary", "tokens": 156524}
{"time": "23:22:25", "event": "mine_start", "message": "poly.matrix_max_linear_combination: ∀ (n : ℕ) (W : Matrix (Fin n) (Fin n) ℝ) (x : Fin n → ℝ), (∀", "tokens": 156655}
{"time": "23:34:26", "event": "recipe_failed", "message": "poly.matrix_max_linear_combination: /Users/zhipeng/lean/_check_mine_poly_matrix_max_linear_combination_escr2c2.lean:", "tokens": 242244}
{"time": "23:34:36", "event": "mine_start", "message": "poly.repulsive_vector_sq_increase: ∀ (x y u v : ℝ), (x - y) * (u - v) ≥ 0 → 2 * (x - y) * (x + ", "tokens": 242350}
{"time": "23:35:32", "event": "recipe_verified", "message": "poly.repulsive_vector_sq_increase", "tokens": 243463}
{"time": "00:09:07", "event": "mine_start", "message": "poly.deriv_const_lemma: ∀ (x : ℝ), deriv (fun _ => f' x) x = 0", "tokens": 2263}
{"time": "00:09:25", "event": "recipe_verified", "message": "poly.deriv_const_lemma", "tokens": 2460}
{"time": "00:09:29", "event": "mine_start", "message": "poly.sq_pos_nonneg: ∀ (x : ℝ), 0 < x → 0 ≤ x ^ 2", "tokens": 2521}
{"time": "00:09:46", "event": "recipe_verified", "message": "poly.sq_pos_nonneg", "tokens": 2681}
{"time": "00:09:50", "event": "mine_start", "message": "poly.ne_of_sq_ne_zero: ∀ (x : ℝ), x ≠ 0 ↔ x ^ 2 ≠ 0", "tokens": 2742}
{"time": "00:11:02", "event": "recipe_verified", "message": "poly.ne_of_sq_ne_zero", "tokens": 4042}
{"time": "00:11:07", "event": "mine_start", "message": "trig.sin_derivative_arithmetic: ∀ (x y : ℝ), (Real.sin x - Real.sin y) = 2 * Real.cos ((x + ", "tokens": 4139}
{"time": "00:11:26", "event": "recipe_verified", "message": "trig.sin_derivative_arithmetic", "tokens": 5087}
{"time": "00:11:32", "event": "mine_start", "message": "rational.monod_saturation_diff: ∀ (a b c d x : ℝ), (a*x)/(b+x) - (a*c)/(b+c) = (a*(b*c - b*x", "tokens": 5199}
{"time": "00:20:10", "event": "recipe_verified", "message": "rational.monod_saturation_diff", "tokens": 34338}
{"time": "00:20:15", "event": "mine_start", "message": "convex.convex_max_bnd: ∀ (x y : ℝ) (w : ℝ) (hw : 0 ≤ w ∧ w ≤ 1), max (w * x + (1 - ", "tokens": 34433}
{"time": "00:25:36", "event": "recipe_verified", "message": "convex.convex_max_bnd", "tokens": 57099}
{"time": "00:25:40", "event": "mine_start", "message": "piecewise.sign_abs_def: ∀ (x : ℝ), sign x = (ite (x < 0) (-1) (ite (x > 0) 1 0))", "tokens": 57181}
{"time": "00:30:48", "event": "recipe_verified", "message": "piecewise.sign_abs_def", "tokens": 78359}
{"time": "01:01:47", "event": "mine_start", "message": "poly.grad_step_inequality: ∀ (x x* η μ L : ℝ), x_next = x - η * (2 * μ * (x - x*)) → (x", "tokens": 2983}
{"time": "01:09:23", "event": "recipe_verified", "message": "poly.grad_step_inequality", "tokens": 45571}
{"time": "01:09:28", "event": "mine_start", "message": "poly.diff_energy_sq: ∀ (x y : ℝ), (x ^ 2) * y + y * (-(x ^ 2) - 1 * y) = -y ^ 2", "tokens": 45653}
{"time": "01:09:47", "event": "recipe_verified", "message": "poly.diff_energy_sq", "tokens": 46428}
{"time": "01:09:51", "event": "mine_start", "message": "poly.add_eq_zero_iff: ∀ (x y : ℝ), x + y = 0 ↔ x = -y", "tokens": 46490}
{"time": "01:11:08", "event": "recipe_verified", "message": "poly.add_eq_zero_iff", "tokens": 48876}
{"time": "01:11:12", "event": "mine_start", "message": "rational.fin_one_exists: ∀ (n : Nat) [Ne (n-1) 0], ∃ (a : Fin n), a.val = 1", "tokens": 48951}
{"time": "01:11:35", "event": "recipe_verified", "message": "rational.fin_one_exists", "tokens": 49312}
{"time": "01:11:41", "event": "mine_start", "message": "rational.monod_positive_inequality: ∀ {μ_max K_s D S_in S_star X_star : ℝ}, 0 < μ_max ∧ 0 < K_s ", "tokens": 49463}
{"time": "01:27:35", "event": "recipe_verified", "message": "rational.monod_positive_inequality", "tokens": 120961}
{"time": "01:27:39", "event": "mine_start", "message": "poly.max_eq_arg_le: ∀ (x : ℝ) (S : Set ℝ) (_hS : S.Nonempty) (_hC : S.Compact), ", "tokens": 121069}
{"time": "01:32:46", "event": "recipe_verified", "message": "poly.max_eq_arg_le", "tokens": 152228}
{"time": "01:32:51", "event": "mine_start", "message": "poly.abs_pow_le: ∀ (y : ℝ) (α : ℝ), 0 < α → α < 2 → -|y| ^ (α + 1) ≤ 0", "tokens": 152305}
{"time": "01:33:08", "event": "recipe_verified", "message": "poly.abs_pow_le", "tokens": 152656}
