provider=glm model=glm-5.1  evolving recipes for: tanh, log, exp, trig

[tanh.tanh_sign] mining: 0 ≤ y * Real.tanh y
/opt/anaconda3/lib/python3.12/site-packages/urllib3/connectionpool.py:1099: InsecureRequestWarning: Unverified HTTPS request is being made to host 'open.bigmodel.cn'. Adding certificate verification is strongly advised. See: https://urllib3.readthedocs.io/en/latest/advanced-usage.html#tls-warnings
  warnings.warn(
  [Tokens] mine-tanh-tanh_sign (high): in=278 out=135
    round 1: ✗  (/Users/zhipeng/lean/_check_mine_tanh_tanh_sign.lean:8:24: error(lean.unknownIden)
/opt/anaconda3/lib/python3.12/site-packages/urllib3/connectionpool.py:1099: InsecureRequestWarning: Unverified HTTPS request is being made to host 'open.bigmodel.cn'. Adding certificate verification is strongly advised. See: https://urllib3.readthedocs.io/en/latest/advanced-usage.html#tls-warnings
  warnings.warn(
  [Tokens] mine-tanh-tanh_sign (high): in=698 out=207
    round 2: ✗  (/Users/zhipeng/lean/_check_mine_tanh_tanh_sign.lean:9:10: error(lean.unknownIden)
/opt/anaconda3/lib/python3.12/site-packages/urllib3/connectionpool.py:1099: InsecureRequestWarning: Unverified HTTPS request is being made to host 'open.bigmodel.cn'. Adding certificate verification is strongly advised. See: https://urllib3.readthedocs.io/en/latest/advanced-usage.html#tls-warnings
  warnings.warn(
  [Tokens] mine-tanh-tanh_sign (high): in=704 out=186
    round 3: ✗  (/Users/zhipeng/lean/_check_mine_tanh_tanh_sign.lean:8:30: error(lean.unknownIden)
/opt/anaconda3/lib/python3.12/site-packages/urllib3/connectionpool.py:1099: InsecureRequestWarning: Unverified HTTPS request is being made to host 'open.bigmodel.cn'. Adding certificate verification is strongly advised. See: https://urllib3.readthedocs.io/en/latest/advanced-usage.html#tls-warnings
  warnings.warn(
  [Tokens] mine-tanh-tanh_sign (high): in=763 out=244
    round 4: ✗  (/Users/zhipeng/lean/_check_mine_tanh_tanh_sign.lean:9:6: error: Tactic `apply` f)
[tanh.tanh_bound] mining: Real.tanh y ≤ 1 ∧ -1 ≤ Real.tanh y
/opt/anaconda3/lib/python3.12/site-packages/urllib3/connectionpool.py:1099: InsecureRequestWarning: Unverified HTTPS request is being made to host 'open.bigmodel.cn'. Adding certificate verification is strongly advised. See: https://urllib3.readthedocs.io/en/latest/advanced-usage.html#tls-warnings
  warnings.warn(
  [Tokens] mine-tanh-tanh_bound (high): in=253 out=75
    round 1: ✗  (/Users/zhipeng/lean/_check_mine_tanh_tanh_bound.lean:7:10: error(lean.unknownIde)
/opt/anaconda3/lib/python3.12/site-packages/urllib3/connectionpool.py:1099: InsecureRequestWarning: Unverified HTTPS request is being made to host 'open.bigmodel.cn'. Adding certificate verification is strongly advised. See: https://urllib3.readthedocs.io/en/latest/advanced-usage.html#tls-warnings
  warnings.warn(
  [Tokens] mine-tanh-tanh_bound (high): in=550 out=482
    round 2: ✗  (/Users/zhipeng/lean/_check_mine_tanh_tanh_bound.lean:13:5: error: unknown tactic)
/opt/anaconda3/lib/python3.12/site-packages/urllib3/connectionpool.py:1099: InsecureRequestWarning: Unverified HTTPS request is being made to host 'open.bigmodel.cn'. Adding certificate verification is strongly advised. See: https://urllib3.readthedocs.io/en/latest/advanced-usage.html#tls-warnings
  warnings.warn(
  [Tokens] mine-tanh-tanh_bound (high): in=987 out=274
    round 3: ✗  (/Users/zhipeng/lean/_check_mine_tanh_tanh_bound.lean:10:8: error(lean.unknownIde)
/opt/anaconda3/lib/python3.12/site-packages/urllib3/connectionpool.py:1099: InsecureRequestWarning: Unverified HTTPS request is being made to host 'open.bigmodel.cn'. Adding certificate verification is strongly advised. See: https://urllib3.readthedocs.io/en/latest/advanced-usage.html#tls-warnings
  warnings.warn(
  [Tokens] mine-tanh-tanh_bound (high): in=746 out=300
    round 4: ✗  (/Users/zhipeng/lean/_check_mine_tanh_tanh_bound.lean:9:72: error: Type mismatch)
[log.log_sub_one] mining: 0 < x → Real.log x ≤ x - 1
/opt/anaconda3/lib/python3.12/site-packages/urllib3/connectionpool.py:1099: InsecureRequestWarning: Unverified HTTPS request is being made to host 'open.bigmodel.cn'. Adding certificate verification is strongly advised. See: https://urllib3.readthedocs.io/en/latest/advanced-usage.html#tls-warnings
  warnings.warn(
  [Tokens] mine-log-log_sub_one (high): in=257 out=61
    round 1: ✅ VERIFIED
[log.log_self_lower] mining: 0 < x → 1 - 1 / x ≤ Real.log x
/opt/anaconda3/lib/python3.12/site-packages/urllib3/connectionpool.py:1099: InsecureRequestWarning: Unverified HTTPS request is being made to host 'open.bigmodel.cn'. Adding certificate verification is strongly advised. See: https://urllib3.readthedocs.io/en/latest/advanced-usage.html#tls-warnings
  warnings.warn(
  [Tokens] mine-log-log_self_lower (high): in=254 out=118
    round 1: ✗  (/Users/zhipeng/lean/_check_mine_log_log_self_lower.lean:9:4: error: Type mismatc)
  [Retry 1/8] ConnectionError (provider zhipu-glm), retrying in 2s...
  [Retry 2/8] ConnectionError (provider zhipu-glm), retrying in 2s...
/opt/anaconda3/lib/python3.12/site-packages/urllib3/connectionpool.py:1099: InsecureRequestWarning: Unverified HTTPS request is being made to host 'open.bigmodel.cn'. Adding certificate verification is strongly advised. See: https://urllib3.readthedocs.io/en/latest/advanced-usage.html#tls-warnings
  warnings.warn(
  [Tokens] mine-log-log_self_lower (high): in=652 out=308
    round 2: ✗  (/Users/zhipeng/lean/_check_mine_log_log_self_lower.lean:7:31: error: linarith fa)
/opt/anaconda3/lib/python3.12/site-packages/urllib3/connectionpool.py:1099: InsecureRequestWarning: Unverified HTTPS request is being made to host 'open.bigmodel.cn'. Adding certificate verification is strongly advised. See: https://urllib3.readthedocs.io/en/latest/advanced-usage.html#tls-warnings
  warnings.warn(
  [Tokens] mine-log-log_self_lower (high): in=1086 out=343
    round 3: ✗  (/Users/zhipeng/lean/_check_mine_log_log_self_lower.lean:20:6: error: Tactic `app)
/opt/anaconda3/lib/python3.12/site-packages/urllib3/connectionpool.py:1099: InsecureRequestWarning: Unverified HTTPS request is being made to host 'open.bigmodel.cn'. Adding certificate verification is strongly advised. See: https://urllib3.readthedocs.io/en/latest/advanced-usage.html#tls-warnings
  warnings.warn(
  [Tokens] mine-log-log_self_lower (high): in=1073 out=123
    round 4: ✗  (/Users/zhipeng/lean/_check_mine_log_log_self_lower.lean:9:32: error: Application)
[exp.exp_add_one] mining: 1 + x ≤ Real.exp x
/opt/anaconda3/lib/python3.12/site-packages/urllib3/connectionpool.py:1099: InsecureRequestWarning: Unverified HTTPS request is being made to host 'open.bigmodel.cn'. Adding certificate verification is strongly advised. See: https://urllib3.readthedocs.io/en/latest/advanced-usage.html#tls-warnings
  warnings.warn(
  [Tokens] mine-exp-exp_add_one (high): in=248 out=49
    round 1: ✗  (/Users/zhipeng/lean/_check_mine_exp_exp_add_one.lean:6:2: error: Type mismatch)
/opt/anaconda3/lib/python3.12/site-packages/urllib3/connectionpool.py:1099: InsecureRequestWarning: Unverified HTTPS request is being made to host 'open.bigmodel.cn'. Adding certificate verification is strongly advised. See: https://urllib3.readthedocs.io/en/latest/advanced-usage.html#tls-warnings
  warnings.warn(
  [Tokens] mine-exp-exp_add_one (high): in=485 out=55
    round 2: ✅ VERIFIED
[exp.exp_pos] mining: 0 < Real.exp x
/opt/anaconda3/lib/python3.12/site-packages/urllib3/connectionpool.py:1099: InsecureRequestWarning: Unverified HTTPS request is being made to host 'open.bigmodel.cn'. Adding certificate verification is strongly advised. See: https://urllib3.readthedocs.io/en/latest/advanced-usage.html#tls-warnings
  warnings.warn(
  [Tokens] mine-exp-exp_pos (high): in=235 out=45
    round 1: ✅ VERIFIED
[trig.sin_cos_sq] mining: Real.sin t ^ 2 + Real.cos t ^ 2 = 1
/opt/anaconda3/lib/python3.12/site-packages/urllib3/connectionpool.py:1099: InsecureRequestWarning: Unverified HTTPS request is being made to host 'open.bigmodel.cn'. Adding certificate verification is strongly advised. See: https://urllib3.readthedocs.io/en/latest/advanced-usage.html#tls-warnings
  warnings.warn(
  [Tokens] mine-trig-sin_cos_sq (high): in=252 out=61
    round 1: ✗  (/Users/zhipeng/lean/_check_mine_trig_sin_cos_sq.lean:6:8: error(lean.unknownIden)
/opt/anaconda3/lib/python3.12/site-packages/urllib3/connectionpool.py:1099: InsecureRequestWarning: Unverified HTTPS request is being made to host 'open.bigmodel.cn'. Adding certificate verification is strongly advised. See: https://urllib3.readthedocs.io/en/latest/advanced-usage.html#tls-warnings
  warnings.warn(
  [Tokens] mine-trig-sin_cos_sq (high): in=497 out=61
    round 2: ✗  (/Users/zhipeng/lean/_check_mine_trig_sin_cos_sq.lean:6:8: error(lean.unknownIden)
/opt/anaconda3/lib/python3.12/site-packages/urllib3/connectionpool.py:1099: InsecureRequestWarning: Unverified HTTPS request is being made to host 'open.bigmodel.cn'. Adding certificate verification is strongly advised. See: https://urllib3.readthedocs.io/en/latest/advanced-usage.html#tls-warnings
  warnings.warn(
  [Tokens] mine-trig-sin_cos_sq (high): in=497 out=55
    round 3: ✅ VERIFIED
[trig.one_sub_cos_nonneg] mining: 0 ≤ 1 - Real.cos t
/opt/anaconda3/lib/python3.12/site-packages/urllib3/connectionpool.py:1099: InsecureRequestWarning: Unverified HTTPS request is being made to host 'open.bigmodel.cn'. Adding certificate verification is strongly advised. See: https://urllib3.readthedocs.io/en/latest/advanced-usage.html#tls-warnings
  warnings.warn(
  [Tokens] mine-trig-one_sub_cos_nonneg (high): in=250 out=55
    round 1: ✅ VERIFIED

############################################################
RECIPE EVOLUTION SUMMARY
############################################################
  ❌ tanh.tanh_sign         rounds=4 62s
  ❌ tanh.tanh_bound        rounds=4 52s
  ✅ log.log_sub_one        rounds=1 12s
  ❌ log.log_self_lower     rounds=4 68s
  ✅ exp.exp_add_one        rounds=2 23s
  ✅ exp.exp_pos            rounds=1 8s
  ✅ trig.sin_cos_sq        rounds=3 35s
  ✅ trig.one_sub_cos_nonneg rounds=1 12s

VERIFIED 5/8 this run | store now holds 5 recipes | out_tokens=3237
